<?xml version="1.0" encoding="UTF-8"?>
<testsuite xmlns:xsi="http://www.w3.org/2001/XMLSchema-instance" xsi:noNamespaceSchemaLocation="https://maven.apache.org/surefire/maven-surefire-plugin/xsd/surefire-test-report-3.0.xsd" version="3.0" name="TestSuite" time="108.797" tests="5" errors="0" skipped="0" failures="0">
  <properties>
    <property name="java.specification.version" value="17"/>
    <property name="webdriver.chrome.driver" value="C:\Users\gnage\.cache\selenium\chromedriver\win64\121.0.6167.184\chromedriver.exe"/>
    <property name="sun.cpu.isalist" value="amd64"/>
    <property name="sun.jnu.encoding" value="Cp1252"/>
    <property name="java.class.path" value="C:\Users\gnage\eclipse-workspace\SeleniumAutomationFrameworkPOM\target\test-classes;C:\Users\gnage\eclipse-workspace\SeleniumAutomationFrameworkPOM\target\classes;C:\Users\gnage\.m2\repository\org\apache\poi\poi\5.2.5\poi-5.2.5.jar;C:\Users\gnage\.m2\repository\commons-codec\commons-codec\1.16.0\commons-codec-1.16.0.jar;C:\Users\gnage\.m2\repository\org\apache\commons\commons-collections4\4.4\commons-collections4-4.4.jar;C:\Users\gnage\.m2\repository\org\apache\commons\commons-math3\3.6.1\commons-math3-3.6.1.jar;C:\Users\gnage\.m2\repository\commons-io\commons-io\2.15.0\commons-io-2.15.0.jar;C:\Users\gnage\.m2\repository\com\zaxxer\SparseBitSet\1.3\SparseBitSet-1.3.jar;C:\Users\gnage\.m2\repository\org\apache\poi\poi-ooxml\5.2.5\poi-ooxml-5.2.5.jar;C:\Users\gnage\.m2\repository\org\apache\poi\poi-ooxml-lite\5.2.5\poi-ooxml-lite-5.2.5.jar;C:\Users\gnage\.m2\repository\org\apache\xmlbeans\xmlbeans\5.2.0\xmlbeans-5.2.0.jar;C:\Users\gnage\.m2\repository\org\apache\commons\commons-compress\1.25.0\commons-compress-1.25.0.jar;C:\Users\gnage\.m2\repository\com\github\virtuald\curvesapi\1.08\curvesapi-1.08.jar;C:\Users\gnage\.m2\repository\org\apache\logging\log4j\log4j-core\2.22.1\log4j-core-2.22.1.jar;C:\Users\gnage\.m2\repository\io\github\bonigarcia\webdrivermanager\5.6.2\webdrivermanager-5.6.2.jar;C:\Users\gnage\.m2\repository\org\slf4j\slf4j-api\2.0.9\slf4j-api-2.0.9.jar;C:\Users\gnage\.m2\repository\com\google\code\gson\gson\2.10.1\gson-2.10.1.jar;C:\Users\gnage\.m2\repository\com\github\docker-java\docker-java\3.3.4\docker-java-3.3.4.jar;C:\Users\gnage\.m2\repository\com\github\docker-java\docker-java-core\3.3.4\docker-java-core-3.3.4.jar;C:\Users\gnage\.m2\repository\com\github\docker-java\docker-java-api\3.3.4\docker-java-api-3.3.4.jar;C:\Users\gnage\.m2\repository\com\fasterxml\jackson\core\jackson-annotations\2.10.3\jackson-annotations-2.10.3.jar;C:\Users\gnage\.m2\repository\com\fasterxml\jackson\core\jackson-databind\2.10.3\jackson-databind-2.10.3.jar;C:\Users\gnage\.m2\repository\com\fasterxml\jackson\core\jackson-core\2.10.3\jackson-core-2.10.3.jar;C:\Users\gnage\.m2\repository\org\bouncycastle\bcpkix-jdk18on\1.76\bcpkix-jdk18on-1.76.jar;C:\Users\gnage\.m2\repository\org\bouncycastle\bcprov-jdk18on\1.76\bcprov-jdk18on-1.76.jar;C:\Users\gnage\.m2\repository\org\bouncycastle\bcutil-jdk18on\1.76\bcutil-jdk18on-1.76.jar;C:\Users\gnage\.m2\repository\org\slf4j\jcl-over-slf4j\1.7.30\jcl-over-slf4j-1.7.30.jar;C:\Users\gnage\.m2\repository\com\github\docker-java\docker-java-transport-httpclient5\3.3.4\docker-java-transport-httpclient5-3.3.4.jar;C:\Users\gnage\.m2\repository\com\github\docker-java\docker-java-transport\3.3.4\docker-java-transport-3.3.4.jar;C:\Users\gnage\.m2\repository\net\java\dev\jna\jna\5.13.0\jna-5.13.0.jar;C:\Users\gnage\.m2\repository\org\brotli\dec\0.1.2\dec-0.1.2.jar;C:\Users\gnage\.m2\repository\org\apache\commons\commons-lang3\3.13.0\commons-lang3-3.13.0.jar;C:\Users\gnage\.m2\repository\org\apache\httpcomponents\client5\httpclient5\5.2.1\httpclient5-5.2.1.jar;C:\Users\gnage\.m2\repository\org\apache\httpcomponents\core5\httpcore5\5.2\httpcore5-5.2.jar;C:\Users\gnage\.m2\repository\org\apache\httpcomponents\core5\httpcore5-h2\5.2\httpcore5-h2-5.2.jar;C:\Users\gnage\.m2\repository\org\seleniumhq\selenium\selenium-java\3.141.59\selenium-java-3.141.59.jar;C:\Users\gnage\.m2\repository\org\seleniumhq\selenium\selenium-api\3.141.59\selenium-api-3.141.59.jar;C:\Users\gnage\.m2\repository\org\seleniumhq\selenium\selenium-chrome-driver\3.141.59\selenium-chrome-driver-3.141.59.jar;C:\Users\gnage\.m2\repository\org\seleniumhq\selenium\selenium-edge-driver\3.141.59\selenium-edge-driver-3.141.59.jar;C:\Users\gnage\.m2\repository\org\seleniumhq\selenium\selenium-firefox-driver\3.141.59\selenium-firefox-driver-3.141.59.jar;C:\Users\gnage\.m2\repository\org\seleniumhq\selenium\selenium-ie-driver\3.141.59\selenium-ie-driver-3.141.59.jar;C:\Users\gnage\.m2\repository\org\seleniumhq\selenium\selenium-opera-driver\3.141.59\selenium-opera-driver-3.141.59.jar;C:\Users\gnage\.m2\repository\org\seleniumhq\selenium\selenium-remote-driver\3.141.59\selenium-remote-driver-3.141.59.jar;C:\Users\gnage\.m2\repository\org\seleniumhq\selenium\selenium-safari-driver\3.141.59\selenium-safari-driver-3.141.59.jar;C:\Users\gnage\.m2\repository\org\seleniumhq\selenium\selenium-support\3.141.59\selenium-support-3.141.59.jar;C:\Users\gnage\.m2\repository\net\bytebuddy\byte-buddy\1.8.15\byte-buddy-1.8.15.jar;C:\Users\gnage\.m2\repository\org\apache\commons\commons-exec\1.3\commons-exec-1.3.jar;C:\Users\gnage\.m2\repository\com\google\guava\guava\25.0-jre\guava-25.0-jre.jar;C:\Users\gnage\.m2\repository\com\google\code\findbugs\jsr305\1.3.9\jsr305-1.3.9.jar;C:\Users\gnage\.m2\repository\org\checkerframework\checker-compat-qual\2.0.0\checker-compat-qual-2.0.0.jar;C:\Users\gnage\.m2\repository\com\google\errorprone\error_prone_annotations\2.1.3\error_prone_annotations-2.1.3.jar;C:\Users\gnage\.m2\repository\com\google\j2objc\j2objc-annotations\1.1\j2objc-annotations-1.1.jar;C:\Users\gnage\.m2\repository\org\codehaus\mojo\animal-sniffer-annotations\1.14\animal-sniffer-annotations-1.14.jar;C:\Users\gnage\.m2\repository\com\squareup\okhttp3\okhttp\3.11.0\okhttp-3.11.0.jar;C:\Users\gnage\.m2\repository\com\squareup\okio\okio\1.14.0\okio-1.14.0.jar;C:\Users\gnage\.m2\repository\org\testng\testng\7.7.1\testng-7.7.1.jar;C:\Users\gnage\.m2\repository\com\beust\jcommander\1.82\jcommander-1.82.jar;C:\Users\gnage\.m2\repository\org\webjars\jquery\3.6.1\jquery-3.6.1.jar;C:\Users\gnage\.m2\repository\org\apache\logging\log4j\log4j-api\2.22.1\log4j-api-2.22.1.jar;C:\Users\gnage\.m2\repository\com\aventstack\extentreports\5.0.9\extentreports-5.0.9.jar;C:\Users\gnage\.m2\repository\io\reactivex\rxjava3\rxjava\3.0.4\rxjava-3.0.4.jar;C:\Users\gnage\.m2\repository\org\reactivestreams\reactive-streams\1.0.3\reactive-streams-1.0.3.jar;C:\Users\gnage\.m2\repository\org\freemarker\freemarker\2.3.30\freemarker-2.3.30.jar;C:\Users\gnage\.m2\repository\org\projectlombok\lombok\1.18.28\lombok-1.18.28.jar;"/>
    <property name="java.vm.vendor" value="Oracle Corporation"/>
    <property name="sun.arch.data.model" value="64"/>
    <property name="user.variant" value=""/>
    <property name="java.vendor.url" value="https://java.oracle.com/"/>
    <property name="user.timezone" value="America/Los_Angeles"/>
    <property name="os.name" value="Windows 11"/>
    <property name="java.vm.specification.version" value="17"/>
    <property name="sun.java.launcher" value="SUN_STANDARD"/>
    <property name="user.country" value="US"/>
    <property name="sun.boot.library.path" value="C:\Program Files\Java\jdk-17.0.4\bin"/>
    <property name="sun.java.command" value="C:\Users\gnage\AppData\Local\Temp\surefire2990496046653131242\surefirebooter-20240220014948573_3.jar C:\Users\gnage\AppData\Local\Temp\surefire2990496046653131242 2024-02-20T01-49-48_317-jvmRun1 surefire-20240220014948573_1tmp surefire_0-20240220014948573_2tmp"/>
    <property name="jdk.debug" value="release"/>
    <property name="surefire.test.class.path" value="C:\Users\gnage\eclipse-workspace\SeleniumAutomationFrameworkPOM\target\test-classes;C:\Users\gnage\eclipse-workspace\SeleniumAutomationFrameworkPOM\target\classes;C:\Users\gnage\.m2\repository\org\apache\poi\poi\5.2.5\poi-5.2.5.jar;C:\Users\gnage\.m2\repository\commons-codec\commons-codec\1.16.0\commons-codec-1.16.0.jar;C:\Users\gnage\.m2\repository\org\apache\commons\commons-collections4\4.4\commons-collections4-4.4.jar;C:\Users\gnage\.m2\repository\org\apache\commons\commons-math3\3.6.1\commons-math3-3.6.1.jar;C:\Users\gnage\.m2\repository\commons-io\commons-io\2.15.0\commons-io-2.15.0.jar;C:\Users\gnage\.m2\repository\com\zaxxer\SparseBitSet\1.3\SparseBitSet-1.3.jar;C:\Users\gnage\.m2\repository\org\apache\poi\poi-ooxml\5.2.5\poi-ooxml-5.2.5.jar;C:\Users\gnage\.m2\repository\org\apache\poi\poi-ooxml-lite\5.2.5\poi-ooxml-lite-5.2.5.jar;C:\Users\gnage\.m2\repository\org\apache\xmlbeans\xmlbeans\5.2.0\xmlbeans-5.2.0.jar;C:\Users\gnage\.m2\repository\org\apache\commons\commons-compress\1.25.0\commons-compress-1.25.0.jar;C:\Users\gnage\.m2\repository\com\github\virtuald\curvesapi\1.08\curvesapi-1.08.jar;C:\Users\gnage\.m2\repository\org\apache\logging\log4j\log4j-core\2.22.1\log4j-core-2.22.1.jar;C:\Users\gnage\.m2\repository\io\github\bonigarcia\webdrivermanager\5.6.2\webdrivermanager-5.6.2.jar;C:\Users\gnage\.m2\repository\org\slf4j\slf4j-api\2.0.9\slf4j-api-2.0.9.jar;C:\Users\gnage\.m2\repository\com\google\code\gson\gson\2.10.1\gson-2.10.1.jar;C:\Users\gnage\.m2\repository\com\github\docker-java\docker-java\3.3.4\docker-java-3.3.4.jar;C:\Users\gnage\.m2\repository\com\github\docker-java\docker-java-core\3.3.4\docker-java-core-3.3.4.jar;C:\Users\gnage\.m2\repository\com\github\docker-java\docker-java-api\3.3.4\docker-java-api-3.3.4.jar;C:\Users\gnage\.m2\repository\com\fasterxml\jackson\core\jackson-annotations\2.10.3\jackson-annotations-2.10.3.jar;C:\Users\gnage\.m2\repository\com\fasterxml\jackson\core\jackson-databind\2.10.3\jackson-databind-2.10.3.jar;C:\Users\gnage\.m2\repository\com\fasterxml\jackson\core\jackson-core\2.10.3\jackson-core-2.10.3.jar;C:\Users\gnage\.m2\repository\org\bouncycastle\bcpkix-jdk18on\1.76\bcpkix-jdk18on-1.76.jar;C:\Users\gnage\.m2\repository\org\bouncycastle\bcprov-jdk18on\1.76\bcprov-jdk18on-1.76.jar;C:\Users\gnage\.m2\repository\org\bouncycastle\bcutil-jdk18on\1.76\bcutil-jdk18on-1.76.jar;C:\Users\gnage\.m2\repository\org\slf4j\jcl-over-slf4j\1.7.30\jcl-over-slf4j-1.7.30.jar;C:\Users\gnage\.m2\repository\com\github\docker-java\docker-java-transport-httpclient5\3.3.4\docker-java-transport-httpclient5-3.3.4.jar;C:\Users\gnage\.m2\repository\com\github\docker-java\docker-java-transport\3.3.4\docker-java-transport-3.3.4.jar;C:\Users\gnage\.m2\repository\net\java\dev\jna\jna\5.13.0\jna-5.13.0.jar;C:\Users\gnage\.m2\repository\org\brotli\dec\0.1.2\dec-0.1.2.jar;C:\Users\gnage\.m2\repository\org\apache\commons\commons-lang3\3.13.0\commons-lang3-3.13.0.jar;C:\Users\gnage\.m2\repository\org\apache\httpcomponents\client5\httpclient5\5.2.1\httpclient5-5.2.1.jar;C:\Users\gnage\.m2\repository\org\apache\httpcomponents\core5\httpcore5\5.2\httpcore5-5.2.jar;C:\Users\gnage\.m2\repository\org\apache\httpcomponents\core5\httpcore5-h2\5.2\httpcore5-h2-5.2.jar;C:\Users\gnage\.m2\repository\org\seleniumhq\selenium\selenium-java\3.141.59\selenium-java-3.141.59.jar;C:\Users\gnage\.m2\repository\org\seleniumhq\selenium\selenium-api\3.141.59\selenium-api-3.141.59.jar;C:\Users\gnage\.m2\repository\org\seleniumhq\selenium\selenium-chrome-driver\3.141.59\selenium-chrome-driver-3.141.59.jar;C:\Users\gnage\.m2\repository\org\seleniumhq\selenium\selenium-edge-driver\3.141.59\selenium-edge-driver-3.141.59.jar;C:\Users\gnage\.m2\repository\org\seleniumhq\selenium\selenium-firefox-driver\3.141.59\selenium-firefox-driver-3.141.59.jar;C:\Users\gnage\.m2\repository\org\seleniumhq\selenium\selenium-ie-driver\3.141.59\selenium-ie-driver-3.141.59.jar;C:\Users\gnage\.m2\repository\org\seleniumhq\selenium\selenium-opera-driver\3.141.59\selenium-opera-driver-3.141.59.jar;C:\Users\gnage\.m2\repository\org\seleniumhq\selenium\selenium-remote-driver\3.141.59\selenium-remote-driver-3.141.59.jar;C:\Users\gnage\.m2\repository\org\seleniumhq\selenium\selenium-safari-driver\3.141.59\selenium-safari-driver-3.141.59.jar;C:\Users\gnage\.m2\repository\org\seleniumhq\selenium\selenium-support\3.141.59\selenium-support-3.141.59.jar;C:\Users\gnage\.m2\repository\net\bytebuddy\byte-buddy\1.8.15\byte-buddy-1.8.15.jar;C:\Users\gnage\.m2\repository\org\apache\commons\commons-exec\1.3\commons-exec-1.3.jar;C:\Users\gnage\.m2\repository\com\google\guava\guava\25.0-jre\guava-25.0-jre.jar;C:\Users\gnage\.m2\repository\com\google\code\findbugs\jsr305\1.3.9\jsr305-1.3.9.jar;C:\Users\gnage\.m2\repository\org\checkerframework\checker-compat-qual\2.0.0\checker-compat-qual-2.0.0.jar;C:\Users\gnage\.m2\repository\com\google\errorprone\error_prone_annotations\2.1.3\error_prone_annotations-2.1.3.jar;C:\Users\gnage\.m2\repository\com\google\j2objc\j2objc-annotations\1.1\j2objc-annotations-1.1.jar;C:\Users\gnage\.m2\repository\org\codehaus\mojo\animal-sniffer-annotations\1.14\animal-sniffer-annotations-1.14.jar;C:\Users\gnage\.m2\repository\com\squareup\okhttp3\okhttp\3.11.0\okhttp-3.11.0.jar;C:\Users\gnage\.m2\repository\com\squareup\okio\okio\1.14.0\okio-1.14.0.jar;C:\Users\gnage\.m2\repository\org\testng\testng\7.7.1\testng-7.7.1.jar;C:\Users\gnage\.m2\repository\com\beust\jcommander\1.82\jcommander-1.82.jar;C:\Users\gnage\.m2\repository\org\webjars\jquery\3.6.1\jquery-3.6.1.jar;C:\Users\gnage\.m2\repository\org\apache\logging\log4j\log4j-api\2.22.1\log4j-api-2.22.1.jar;C:\Users\gnage\.m2\repository\com\aventstack\extentreports\5.0.9\extentreports-5.0.9.jar;C:\Users\gnage\.m2\repository\io\reactivex\rxjava3\rxjava\3.0.4\rxjava-3.0.4.jar;C:\Users\gnage\.m2\repository\org\reactivestreams\reactive-streams\1.0.3\reactive-streams-1.0.3.jar;C:\Users\gnage\.m2\repository\org\freemarker\freemarker\2.3.30\freemarker-2.3.30.jar;C:\Users\gnage\.m2\repository\org\projectlombok\lombok\1.18.28\lombok-1.18.28.jar;"/>
    <property name="sun.cpu.endian" value="little"/>
    <property name="user.home" value="C:\Users\gnage"/>
    <property name="user.language" value="en"/>
    <property name="java.specification.vendor" value="Oracle Corporation"/>
    <property name="java.version.date" value="2022-07-19"/>
    <property name="java.home" value="C:\Program Files\Java\jdk-17.0.4"/>
    <property name="file.separator" value="\"/>
    <property name="basedir" value="C:\Users\gnage\eclipse-workspace\SeleniumAutomationFrameworkPOM"/>
    <property name="java.vm.compressedOopsMode" value="Zero based"/>
    <property name="line.separator" value="&#10;"/>
    <property name="java.vm.specification.vendor" value="Oracle Corporation"/>
    <property name="java.specification.name" value="Java Platform API Specification"/>
    <property name="surefire.real.class.path" value="C:\Users\gnage\AppData\Local\Temp\surefire2990496046653131242\surefirebooter-20240220014948573_3.jar"/>
    <property name="user.script" value=""/>
    <property name="sun.management.compiler" value="HotSpot 64-Bit Tiered Compilers"/>
    <property name="java.runtime.version" value="17.0.4+11-LTS-179"/>
    <property name="user.name" value="gnage"/>
    <property name="path.separator" value=";"/>
    <property name="os.version" value="10.0"/>
    <property name="java.runtime.name" value="Java(TM) SE Runtime Environment"/>
    <property name="file.encoding" value="Cp1252"/>
    <property name="java.vm.name" value="Java HotSpot(TM) 64-Bit Server VM"/>
    <property name="localRepository" value="C:\Users\gnage\.m2\repository"/>
    <property name="java.vendor.url.bug" value="https://bugreport.java.com/bugreport/"/>
    <property name="java.io.tmpdir" value="C:\Users\gnage\AppData\Local\Temp\"/>
    <property name="java.version" value="17.0.4"/>
    <property name="user.dir" value="C:\Users\gnage\eclipse-workspace\SeleniumAutomationFrameworkPOM"/>
    <property name="os.arch" value="amd64"/>
    <property name="java.vm.specification.name" value="Java Virtual Machine Specification"/>
    <property name="sun.os.patch.level" value=""/>
    <property name="native.encoding" value="Cp1252"/>
    <property name="java.library.path" value="C:\Program Files\Java\jdk-17.0.4\bin;C:\WINDOWS\Sun\Java\bin;C:\WINDOWS\system32;C:\WINDOWS;C:\Program Files\Common Files\Oracle\Java\javapath;C:\WINDOWS\system32;C:\WINDOWS;C:\WINDOWS\System32\Wbem;C:\WINDOWS\System32\WindowsPowerShell\v1.0\;C:\WINDOWS\System32\OpenSSH\;C:\Program Files\Java\jdk-17.0.4\bin;C:\Program Files (x86)\Windows Kits\10\Windows Performance Toolkit\;C:\opencv\build\x64\vc15\bin;C:\Program Files\apache-maven-3.9.6\bin;C:\Program Files\Git\cmd;C:\Users\gnage\AppData\Local\Microsoft\WindowsApps;;C:\Users\gnage\AppData\Local\Programs\Microsoft VS Code\bin;."/>
    <property name="java.vm.info" value="mixed mode, sharing"/>
    <property name="java.vendor" value="Oracle Corporation"/>
    <property name="java.vm.version" value="17.0.4+11-LTS-179"/>
    <property name="sun.io.unicode.encoding" value="UnicodeLittle"/>
    <property name="java.class.version" value="61.0"/>
  </properties>
  <testcase name="forgotPassword4a[chrome](1)" classname="com.tekarch.POM.automationTests.AutomationScriptsLogInTest" time="14.152">
    <system-out><![CDATA[2024-02-20 01:49:50,082 INFO  POMListenerUtility.java:66 - POMTest has started....................
2024-02-20 01:49:50,323 INFO  BaseTest.java:42 - .........BeforeMethod setUpBeforeMethod executed---------------
2024-02-20 01:49:52,450 INFO  BaseTest.java:61 - browser instance chrome created.
2024-02-20 01:49:52,576 INFO  BaseTest.java:64 - window is maximized
ChromeDriver: chrome on WINDOWS (9fae12bfb34044098e8a0c7a2eab126a)
2024-02-20 01:49:53,303 INFO  BaseTest.java:100 - https://tekarch-ea-dev-ed.develop.my.salesforce.com/is entered
2024-02-20 01:49:53,307 INFO  POMListenerUtility.java:19 - forgotPassword4a.......test execution started........
2024-02-20 01:49:53,313 INFO  AutomationScriptsLogInTest.java:99 - ******login_to_firebase automation script started***********
2024-02-20 01:49:56,742 INFO  BasePage.java:42 - forgotPwdLinkbutton is clicked
2024-02-20 01:49:58,940 INFO  BasePage.java:31 - data is entered in forgotPwdUN textbox
2024-02-20 01:50:01,404 INFO  BasePage.java:42 - cntBtnbutton is clicked
2024-02-20 01:50:03,444 INFO  BasePage.java:52 - text is extracted from chkEmailText
]]></system-out>
    <system-err><![CDATA[SLF4J: No SLF4J providers were found.
SLF4J: Defaulting to no-operation (NOP) logger implementation
SLF4J: See https://www.slf4j.org/codes.html#noProviders for further details.
Starting ChromeDriver 121.0.6167.184 (057a8ae7deb3374d0f1b04b36304d236f0136188-refs/branch-heads/6167@{#1818}) on port 56938
Only local connections are allowed.
Please see https://chromedriver.chromium.org/security-considerations for suggestions on keeping ChromeDriver safe.
ChromeDriver was started successfully.
Feb 20, 2024 1:49:52 AM org.openqa.selenium.remote.ProtocolHandshake createSession
INFO: Detected dialect: W3C
]]></system-err>
  </testcase>
  <testcase name="forgotPassword4b[chrome](1)" classname="com.tekarch.POM.automationTests.AutomationScriptsLogInTest" time="12.818">
    <system-out><![CDATA[2024-02-20 01:50:07,464 INFO  POMListenerUtility.java:26 - forgotPassword4a.......test execution completed with success........
2024-02-20 01:50:07,590 INFO  BaseTest.java:106 - browser instance closed
2024-02-20 01:50:07,592 INFO  BaseTest.java:52 - ******tearDownAfterTestMethod executed***********
2024-02-20 01:50:07,592 INFO  BaseTest.java:42 - .........BeforeMethod setUpBeforeMethod executed---------------
2024-02-20 01:50:09,148 INFO  BaseTest.java:61 - browser instance chrome created.
2024-02-20 01:50:09,273 INFO  BaseTest.java:64 - window is maximized
ChromeDriver: chrome on WINDOWS (ddf2e6d4b996368c1bd266f2788c20ab)
2024-02-20 01:50:11,318 INFO  BaseTest.java:100 - https://tekarch-ea-dev-ed.develop.my.salesforce.com/is entered
2024-02-20 01:50:11,322 INFO  POMListenerUtility.java:19 - forgotPassword4b.......test execution started........
2024-02-20 01:50:11,323 INFO  AutomationScriptsLogInTest.java:121 - ******login_to_firebase automation script started***********
2024-02-20 01:50:13,535 INFO  BasePage.java:31 - data is entered in Username textbox
2024-02-20 01:50:15,700 INFO  BasePage.java:31 - data is entered in password field textbox
2024-02-20 01:50:18,076 INFO  BasePage.java:42 - login buttonbutton is clicked
2024-02-20 01:50:20,129 INFO  BasePage.java:52 - text is extracted from wrngEmailErr
]]></system-out>
    <system-err><![CDATA[Starting ChromeDriver 121.0.6167.184 (057a8ae7deb3374d0f1b04b36304d236f0136188-refs/branch-heads/6167@{#1818}) on port 23307
Only local connections are allowed.
Please see https://chromedriver.chromium.org/security-considerations for suggestions on keeping ChromeDriver safe.
ChromeDriver was started successfully.
Feb 20, 2024 1:50:09 AM org.openqa.selenium.remote.ProtocolHandshake createSession
INFO: Detected dialect: W3C
]]></system-err>
  </testcase>
  <testcase name="loginErrorMessage1[chrome](1)" classname="com.tekarch.POM.automationTests.AutomationScriptsLogInTest" time="12.763">
    <system-out><![CDATA[2024-02-20 01:50:24,141 INFO  POMListenerUtility.java:26 - forgotPassword4b.......test execution completed with success........
2024-02-20 01:50:24,263 INFO  BaseTest.java:106 - browser instance closed
2024-02-20 01:50:24,263 INFO  BaseTest.java:52 - ******tearDownAfterTestMethod executed***********
2024-02-20 01:50:24,263 INFO  BaseTest.java:42 - .........BeforeMethod setUpBeforeMethod executed---------------
2024-02-20 01:50:25,928 INFO  BaseTest.java:61 - browser instance chrome created.
2024-02-20 01:50:26,060 INFO  BaseTest.java:64 - window is maximized
ChromeDriver: chrome on WINDOWS (e8b707db012acc80d2a79b6ae3aa8936)
2024-02-20 01:50:27,219 INFO  BaseTest.java:100 - https://tekarch-ea-dev-ed.develop.my.salesforce.com/is entered
2024-02-20 01:50:27,220 INFO  POMListenerUtility.java:19 - loginErrorMessage1.......test execution started........
2024-02-20 01:50:27,222 INFO  AutomationScriptsLogInTest.java:24 - ******AutomationScriptsLogInTest started***********
2024-02-20 01:50:29,437 INFO  BasePage.java:31 - data is entered in Username textbox
2024-02-20 01:50:31,524 INFO  BasePage.java:73 - password is cleared
2024-02-20 01:50:33,912 INFO  BasePage.java:42 - login buttonbutton is clicked
2024-02-20 01:50:35,976 INFO  BasePage.java:52 - text is extracted from error msg
]]></system-out>
    <system-err><![CDATA[Starting ChromeDriver 121.0.6167.184 (057a8ae7deb3374d0f1b04b36304d236f0136188-refs/branch-heads/6167@{#1818}) on port 20700
Only local connections are allowed.
Please see https://chromedriver.chromium.org/security-considerations for suggestions on keeping ChromeDriver safe.
ChromeDriver was started successfully.
Feb 20, 2024 1:50:25 AM org.openqa.selenium.remote.ProtocolHandshake createSession
INFO: Detected dialect: W3C
]]></system-err>
  </testcase>
  <testcase name="loginSalesforce2[chrome](1)" classname="com.tekarch.POM.automationTests.AutomationScriptsLogInTest" time="18.198">
    <system-out><![CDATA[2024-02-20 01:50:39,990 INFO  POMListenerUtility.java:26 - loginErrorMessage1.......test execution completed with success........
2024-02-20 01:50:40,097 INFO  BaseTest.java:106 - browser instance closed
2024-02-20 01:50:40,102 INFO  BaseTest.java:52 - ******tearDownAfterTestMethod executed***********
2024-02-20 01:50:40,103 INFO  BaseTest.java:42 - .........BeforeMethod setUpBeforeMethod executed---------------
2024-02-20 01:50:42,896 INFO  BaseTest.java:61 - browser instance chrome created.
2024-02-20 01:50:43,052 INFO  BaseTest.java:64 - window is maximized
ChromeDriver: chrome on WINDOWS (27c09a1a0f1aec4922d1ae8841baa2e1)
2024-02-20 01:50:45,141 INFO  BaseTest.java:100 - https://tekarch-ea-dev-ed.develop.my.salesforce.com/is entered
2024-02-20 01:50:45,142 INFO  POMListenerUtility.java:19 - loginSalesforce2.......test execution started........
2024-02-20 01:50:45,142 INFO  AutomationScriptsLogInTest.java:46 - ******login_to_firebase automation script started***********
2024-02-20 01:50:47,434 INFO  BasePage.java:31 - data is entered in Username textbox
2024-02-20 01:50:49,626 INFO  BasePage.java:31 - data is entered in password field textbox
2024-02-20 01:50:59,242 INFO  BasePage.java:42 - login buttonbutton is clicked
2024-02-20 01:50:59,308 INFO  BasePage.java:52 - text is extracted from user id
]]></system-out>
    <system-err><![CDATA[Starting ChromeDriver 121.0.6167.184 (057a8ae7deb3374d0f1b04b36304d236f0136188-refs/branch-heads/6167@{#1818}) on port 25863
Only local connections are allowed.
Please see https://chromedriver.chromium.org/security-considerations for suggestions on keeping ChromeDriver safe.
ChromeDriver was started successfully.
Feb 20, 2024 1:50:42 AM org.openqa.selenium.remote.ProtocolHandshake createSession
INFO: Detected dialect: W3C
]]></system-err>
  </testcase>
  <testcase name="rememberMe3[chrome](1)" classname="com.tekarch.POM.automationTests.AutomationScriptsLogInTest" time="28.575">
    <system-out><![CDATA[2024-02-20 01:51:03,340 INFO  POMListenerUtility.java:26 - loginSalesforce2.......test execution completed with success........
2024-02-20 01:51:03,451 INFO  BaseTest.java:106 - browser instance closed
2024-02-20 01:51:03,451 INFO  BaseTest.java:52 - ******tearDownAfterTestMethod executed***********
2024-02-20 01:51:03,458 INFO  BaseTest.java:42 - .........BeforeMethod setUpBeforeMethod executed---------------
2024-02-20 01:51:06,458 INFO  BaseTest.java:61 - browser instance chrome created.
2024-02-20 01:51:06,600 INFO  BaseTest.java:64 - window is maximized
ChromeDriver: chrome on WINDOWS (a47226ee71280ae97ec532731e737a31)
2024-02-20 01:51:08,283 INFO  BaseTest.java:100 - https://tekarch-ea-dev-ed.develop.my.salesforce.com/is entered
2024-02-20 01:51:08,287 INFO  POMListenerUtility.java:19 - rememberMe3.......test execution started........
2024-02-20 01:51:08,287 INFO  AutomationScriptsLogInTest.java:69 - ******login_to_firebase automation script started***********
2024-02-20 01:51:11,066 INFO  BasePage.java:31 - data is entered in Username textbox
2024-02-20 01:51:13,292 INFO  BasePage.java:31 - data is entered in password field textbox
2024-02-20 01:51:15,640 INFO  BasePage.java:91 - rememberMeChkcheck button is selected
2024-02-20 01:51:21,589 INFO  BasePage.java:42 - login buttonbutton is clicked
2024-02-20 01:51:27,874 INFO  BasePage.java:42 - userNavLabelbutton is clicked
2024-02-20 01:51:30,304 INFO  BasePage.java:42 - logoutbutton is clicked
2024-02-20 01:51:32,862 INFO  BasePage.java:52 - text is extracted from user email
]]></system-out>
    <system-err><![CDATA[Starting ChromeDriver 121.0.6167.184 (057a8ae7deb3374d0f1b04b36304d236f0136188-refs/branch-heads/6167@{#1818}) on port 16608
Only local connections are allowed.
Please see https://chromedriver.chromium.org/security-considerations for suggestions on keeping ChromeDriver safe.
ChromeDriver was started successfully.
Feb 20, 2024 1:51:06 AM org.openqa.selenium.remote.ProtocolHandshake createSession
INFO: Detected dialect: W3C
]]></system-err>
  </testcase>
</testsuite>