<?xml version="1.0" encoding="UTF-8"?>
<!-- Generated by org.testng.reporters.JUnitReportReporter -->
<testsuite hostname="DESKTOP-P90V53U" failures="0" tests="5" name="com.tekarch.POM.automationTests.AutomationScriptsLogInTest" time="125.649" errors="0" timestamp="2024-03-04T14:51:54 PST" skipped="0">
  <testcase classname="com.tekarch.POM.automationTests.AutomationScriptsLogInTest" name="forgotPassword4a" time="18.234"/>
  <system-out/>
  <testcase classname="com.tekarch.POM.automationTests.AutomationScriptsLogInTest" name="rememberMe3" time="50.692"/>
  <system-out/>
  <testcase classname="com.tekarch.POM.automationTests.AutomationScriptsLogInTest" name="loginSalesforce2" time="23.584"/>
  <system-out/>
  <testcase classname="com.tekarch.POM.automationTests.AutomationScriptsLogInTest" name="forgotPassword4b" time="16.601"/>
  <system-out/>
  <testcase classname="com.tekarch.POM.automationTests.AutomationScriptsLogInTest" name="loginErrorMessage1" time="16.538"/>
  <system-out/>
</testsuite> <!-- com.tekarch.POM.automationTests.AutomationScriptsLogInTest -->
