<?xml version="1.0" encoding="UTF-8"?>
<!-- Generated by org.testng.reporters.JUnitReportReporter -->
<testsuite hostname="DESKTOP-P90V53U" failures="0" tests="5" name="com.tekarch.POM.automationTests.AutomationScriptsLogInTest" time="106.642" errors="0" timestamp="2024-02-20T01:51:37 PST" skipped="0">
  <testcase classname="com.tekarch.POM.automationTests.AutomationScriptsLogInTest" name="loginSalesforce2" time="21.277"/>
  <system-out/>
  <testcase classname="com.tekarch.POM.automationTests.AutomationScriptsLogInTest" name="forgotPassword4b" time="15.926"/>
  <system-out/>
  <testcase classname="com.tekarch.POM.automationTests.AutomationScriptsLogInTest" name="loginErrorMessage1" time="17.928"/>
  <system-out/>
  <testcase classname="com.tekarch.POM.automationTests.AutomationScriptsLogInTest" name="rememberMe3" time="33.519"/>
  <system-out/>
  <testcase classname="com.tekarch.POM.automationTests.AutomationScriptsLogInTest" name="forgotPassword4a" time="17.992"/>
  <system-out/>
</testsuite> <!-- com.tekarch.POM.automationTests.AutomationScriptsLogInTest -->
